2-lab 3 3 10
2-lab 3 4 10
2-lab 3 4 5
2-lab 3 2 8
2-lab 3 0 5
2-lab 3 0 6
2-lab 3 2 10
2-teo 4 2 3
2-teo 4 1 6
2-teo 4 0 2
2-teo 4 2 4
2-teo 4 4 6
2-teo 4 0 4
2-teo 4 1 5
2-teo 4 1 7
2-teo 4 1 10
2-teo 4 0 3
2-teo 4 4 9
2-teo 4 0 10
2-teo 4 1 9
2-teo 4 0 9
2-teo 4 2 9
2-teo 4 4 4
2-teo 4 0 7
2-teo 4 2 2
2-teo 4 2 5
2-teo 4 3 9
1-teo 1 4 8
1-teo 1 2 3
1-teo 1 1 9
1-teo 1 0 10
1-teo 1 3 6
1-teo 1 1 8
1-teo 1 3 5
1-teo 1 4 9
1-teo 1 0 9
1-teo 1 2 2
3-lab 3 1 8
3-lab 3 1 3
3-teo 2 0 2
3-teo 2 1 7
3-teo 2 1 2
3-teo 2 0 3
UNSATISFIED PREFERENCES:
