2-lab 3 1 3
2-lab 3 0 1
2-lab 3 1 4
2-lab 3 4 6
2-lab 3 1 2
2-lab 3 3 6
2-lab 3 2 9
2-teo 2 0 5
2-teo 2 1 8
2-teo 2 2 6
2-teo 2 3 7
2-teo 2 1 5
2-teo 2 2 7
2-teo 2 0 7
2-teo 2 0 3
2-teo 2 0 6
2-teo 2 4 7
2-teo 2 2 2
2-teo 2 4 9
2-teo 2 1 9
2-teo 2 0 2
2-teo 2 2 5
2-teo 2 2 3
2-teo 2 2 4
2-teo 2 4 10
2-teo 2 0 4
2-teo 2 2 8
1-teo 4 0 4
1-teo 4 0 3
1-teo 4 3 7
1-teo 4 1 6
1-teo 4 0 2
1-teo 4 4 9
1-teo 4 3 6
1-teo 4 2 2
1-teo 4 4 10
1-teo 4 1 5
3-lab 3 1 10
3-lab 3 1 5
3-teo 4 3 1
3-teo 4 3 0
3-teo 4 1 9
3-teo 4 1 4
UNSATISFIED PREFERENCES:
