2-lab 3 2 10
2-lab 3 0 4
2-lab 3 1 8
2-lab 3 0 9
2-lab 3 1 7
2-lab 3 1 3
2-lab 3 3 10
2-teo 2 4 10
2-teo 2 0 5
2-teo 2 2 3
2-teo 2 3 3
2-teo 2 1 2
2-teo 2 0 10
2-teo 2 0 8
2-teo 2 3 5
2-teo 2 3 4
2-teo 2 2 9
2-teo 2 1 10
2-teo 2 1 9
2-teo 2 0 2
2-teo 2 3 9
2-teo 2 1 4
2-teo 2 1 5
2-teo 2 0 3
2-teo 2 0 6
2-teo 2 4 9
2-teo 2 2 2
1-teo 4 4 9
1-teo 4 4 8
1-teo 4 0 2
1-teo 4 1 9
1-teo 4 2 2
1-teo 4 3 7
1-teo 4 1 8
1-teo 4 0 3
1-teo 4 3 6
1-teo 4 2 3
3-lab 3 3 9
3-lab 3 3 8
3-teo 1 0 4
3-teo 1 2 2
3-teo 1 0 2
3-teo 1 0 3
UNSATISFIED PREFERENCES:
