2-lab 3 0 9
2-lab 3 4 8
2-lab 3 1 8
2-lab 3 4 2
2-lab 3 2 8
2-lab 3 1 3
2-lab 3 4 10
2-teo 1 0 3
2-teo 1 2 6
2-teo 1 0 10
2-teo 1 4 7
2-teo 1 2 3
2-teo 1 4 9
2-teo 1 1 0
2-teo 1 4 4
2-teo 1 3 9
2-teo 1 2 2
2-teo 1 0 6
2-teo 1 3 3
2-teo 1 3 8
2-teo 1 1 4
2-teo 1 0 2
2-teo 1 3 4
2-teo 1 1 9
2-teo 1 0 7
2-teo 1 2 7
2-teo 1 4 3
1-teo 4 3 1
1-teo 4 4 8
1-teo 4 4 9
1-teo 4 2 3
1-teo 4 1 5
1-teo 4 1 6
1-teo 4 0 3
1-teo 4 0 2
1-teo 4 2 2
1-teo 4 3 2
3-lab 3 0 1
3-lab 3 4 6
3-teo 2 2 2
3-teo 2 2 3
3-teo 2 4 7
3-teo 2 0 2
UNSATISFIED PREFERENCES:
