2-lab 3 0 4
2-lab 3 1 2
2-lab 3 1 6
2-lab 3 2 5
2-lab 3 1 4
2-lab 3 4 9
2-lab 3 1 5
2-teo 2 0 6
2-teo 2 2 10
2-teo 2 2 3
2-teo 2 3 10
2-teo 2 0 7
2-teo 2 0 8
2-teo 2 2 9
2-teo 2 2 4
2-teo 2 0 3
2-teo 2 2 6
2-teo 2 2 2
2-teo 2 1 7
2-teo 2 0 9
2-teo 2 1 3
2-teo 2 4 8
2-teo 2 3 9
2-teo 2 0 5
2-teo 2 3 8
2-teo 2 0 2
2-teo 2 1 8
1-teo 4 4 10
1-teo 4 0 3
1-teo 4 2 2
1-teo 4 0 2
1-teo 4 1 10
1-teo 4 3 8
1-teo 4 3 9
1-teo 4 1 9
1-teo 4 4 9
1-teo 4 2 3
3-lab 3 1 10
3-lab 3 1 9
3-teo 1 2 2
3-teo 1 2 3
3-teo 1 2 4
3-teo 1 1 0
UNSATISFIED PREFERENCES:
