2-lab 3 3 4
2-lab 3 3 5
2-lab 3 4 4
2-lab 3 2 6
2-lab 3 0 10
2-lab 3 2 8
2-lab 3 0 8
2-teo 1 2 9
2-teo 1 1 5
2-teo 1 2 2
2-teo 1 1 4
2-teo 1 0 9
2-teo 1 1 0
2-teo 1 1 1
2-teo 1 0 3
2-teo 1 4 9
2-teo 1 2 7
2-teo 1 0 2
2-teo 1 3 9
2-teo 1 3 8
2-teo 1 2 5
2-teo 1 4 3
2-teo 1 1 6
2-teo 1 2 3
2-teo 1 2 10
2-teo 1 3 6
2-teo 1 4 8
1-teo 2 2 2
1-teo 2 3 1
1-teo 2 3 0
1-teo 2 0 2
1-teo 2 0 3
1-teo 2 1 3
1-teo 2 4 0
1-teo 2 4 1
1-teo 2 0 4
1-teo 2 1 4
3-lab 3 4 6
3-lab 3 3 2
3-teo 4 0 2
3-teo 4 0 3
3-teo 4 4 5
3-teo 4 3 1
UNSATISFIED PREFERENCES:
