2-lab 3 3 8
2-lab 3 4 2
2-lab 3 1 9
2-lab 3 0 8
2-lab 3 2 4
2-lab 3 1 8
2-lab 3 1 3
2-teo 4 4 7
2-teo 4 1 5
2-teo 4 4 8
2-teo 4 3 4
2-teo 4 3 5
2-teo 4 0 7
2-teo 4 2 2
2-teo 4 2 5
2-teo 4 0 2
2-teo 4 1 4
2-teo 4 2 7
2-teo 4 2 9
2-teo 4 3 9
2-teo 4 1 0
2-teo 4 3 7
2-teo 4 2 6
2-teo 4 2 10
2-teo 4 0 3
2-teo 4 2 3
2-teo 4 4 3
1-teo 2 3 1
1-teo 2 2 3
1-teo 2 1 2
1-teo 2 3 2
1-teo 2 4 9
1-teo 2 0 3
1-teo 2 2 2
1-teo 2 4 8
1-teo 2 0 2
1-teo 2 1 1
3-lab 3 2 8
3-lab 3 2 7
3-teo 1 2 3
3-teo 1 2 2
3-teo 1 3 7
3-teo 1 3 8
UNSATISFIED PREFERENCES:
