This is pdfTeXk, Version 3.141592-1.40.3 (Web2C 7.5.6) (format=pdflatex 2009.6.12)  15 JUN 2009 22:33
entering extended mode
 %&-line parsing enabled.
**manuale_installazione.tex
(./manuale_installazione.tex
LaTeX2e <2005/12/01>
Babel <v3.8h> and hyphenation patterns for english, usenglishmax, dumylang, noh
yphenation, loaded.
(/usr/share/texmf-texlive/tex/latex/base/article.cls
Document Class: article 2005/09/16 v1.4f Standard LaTeX document class
(/usr/share/texmf-texlive/tex/latex/base/size11.clo
File: size11.clo 2005/09/16 v1.4f Standard LaTeX file (size option)
)
\c@part=\count79
\c@section=\count80
\c@subsection=\count81
\c@subsubsection=\count82
\c@paragraph=\count83
\c@subparagraph=\count84
\c@figure=\count85
\c@table=\count86
\abovecaptionskip=\skip41
\belowcaptionskip=\skip42
\bibindent=\dimen102
)
(/usr/share/texmf-texlive/tex/latex/amsmath/amsmath.sty
Package: amsmath 2000/07/18 v2.13 AMS math features
\@mathmargin=\skip43

For additional information on amsmath, use the `?' option.
(/usr/share/texmf-texlive/tex/latex/amsmath/amstext.sty
Package: amstext 2000/06/29 v2.01

(/usr/share/texmf-texlive/tex/latex/amsmath/amsgen.sty
File: amsgen.sty 1999/11/30 v2.0
\@emptytoks=\toks14
\ex@=\dimen103
))
(/usr/share/texmf-texlive/tex/latex/amsmath/amsbsy.sty
Package: amsbsy 1999/11/29 v1.2d
\pmbraise@=\dimen104
)
(/usr/share/texmf-texlive/tex/latex/amsmath/amsopn.sty
Package: amsopn 1999/12/14 v2.01 operator names
)
\inf@bad=\count87
LaTeX Info: Redefining \frac on input line 211.
\uproot@=\count88
\leftroot@=\count89
LaTeX Info: Redefining \overline on input line 307.
\classnum@=\count90
\DOTSCASE@=\count91
LaTeX Info: Redefining \ldots on input line 379.
LaTeX Info: Redefining \dots on input line 382.
LaTeX Info: Redefining \cdots on input line 467.
\Mathstrutbox@=\box26
\strutbox@=\box27
\big@size=\dimen105
LaTeX Font Info:    Redeclaring font encoding OML on input line 567.
LaTeX Font Info:    Redeclaring font encoding OMS on input line 568.
\macc@depth=\count92
\c@MaxMatrixCols=\count93
\dotsspace@=\muskip10
\c@parentequation=\count94
\dspbrk@lvl=\count95
\tag@help=\toks15
\row@=\count96
\column@=\count97
\maxfields@=\count98
\andhelp@=\toks16
\eqnshift@=\dimen106
\alignsep@=\dimen107
\tagshift@=\dimen108
\tagwidth@=\dimen109
\totwidth@=\dimen110
\lineht@=\dimen111
\@envbody=\toks17
\multlinegap=\skip44
\multlinetaggap=\skip45
\mathdisplay@stack=\toks18
LaTeX Info: Redefining \[ on input line 2666.
LaTeX Info: Redefining \] on input line 2667.
)
(/usr/share/texmf-texlive/tex/latex/amsfonts/amsfonts.sty
Package: amsfonts 2001/10/25 v2.2f
\symAMSa=\mathgroup4
\symAMSb=\mathgroup5
LaTeX Font Info:    Overwriting math alphabet `\mathfrak' in version `bold'
(Font)                  U/euf/m/n --> U/euf/b/n on input line 132.
)
(/usr/share/texmf-texlive/tex/latex/amsfonts/amssymb.sty
Package: amssymb 2002/01/22 v2.2d
)
(/usr/share/texmf-texlive/tex/latex/fancyhdr/fancyhdr.sty
\fancy@headwidth=\skip46
\f@ncyO@elh=\skip47
\f@ncyO@erh=\skip48
\f@ncyO@olh=\skip49
\f@ncyO@orh=\skip50
\f@ncyO@elf=\skip51
\f@ncyO@erf=\skip52
\f@ncyO@olf=\skip53
\f@ncyO@orf=\skip54
)
(/usr/share/texmf-texlive/tex/latex/lastpage/lastpage.sty
Package: lastpage 1994/06/25 v0.1b LaTeX2e package for refs to last page number
 (JPG)
)
(/usr/share/texmf-texlive/tex/latex/graphics/graphicx.sty
Package: graphicx 1999/02/16 v1.0f Enhanced LaTeX Graphics (DPC,SPQR)

(/usr/share/texmf-texlive/tex/latex/graphics/keyval.sty
Package: keyval 1999/03/16 v1.13 key=value parser (DPC)
\KV@toks@=\toks19
)
(/usr/share/texmf-texlive/tex/latex/graphics/graphics.sty
Package: graphics 2006/02/20 v1.0o Standard LaTeX Graphics (DPC,SPQR)

(/usr/share/texmf-texlive/tex/latex/graphics/trig.sty
Package: trig 1999/03/16 v1.09 sin cos tan (DPC)
)
(/etc/texmf/tex/latex/config/graphics.cfg
File: graphics.cfg 2007/01/18 v1.5 graphics configuration of teTeX/TeXLive
)
Package graphics Info: Driver file: pdftex.def on input line 90.

(/usr/share/texmf-texlive/tex/latex/pdftex-def/pdftex.def
File: pdftex.def 2007/01/08 v0.04d Graphics/color for pdfTeX
\Gread@gobject=\count99
))
\Gin@req@height=\dimen112
\Gin@req@width=\dimen113
)
(/usr/share/texmf-texlive/tex/latex/ucs/ucs.sty
Package: ucs 2004/10/17 UCS: Unicode input support

(/usr/share/texmf-texlive/tex/latex/ucs/data/uni-global.def
File: uni-global.def 2004/10/17 UCS: Unicode global data
)
\uc@secondtry=\count100
\uc@combtoks=\toks20
\uc@combtoksb=\toks21
\uc@temptokena=\toks22
)
(/usr/share/texmf-texlive/tex/latex/base/inputenc.sty
Package: inputenc 2006/05/05 v1.1b Input encoding file
\inpenc@prehook=\toks23
\inpenc@posthook=\toks24

(/usr/share/texmf-texlive/tex/latex/ucs/utf8x.def
File: utf8x.def 2004/10/17 UCS: Input encoding UTF-8
))
(/usr/share/texmf-texlive/tex/generic/babel/babel.sty
Package: babel 2005/11/23 v3.8h The Babel package

(/usr/share/texmf-texlive/tex/generic/babel/italian.ldf
Language: italian 2005/11/17 v1.2r Italian support from the babel system

(/usr/share/texmf-texlive/tex/generic/babel/babel.def
File: babel.def 2005/11/23 v3.8h Babel common definitions
\babel@savecnt=\count101
\U@D=\dimen114
)

Package babel Warning: No hyphenation patterns were loaded for
(babel)                the language `Italian'
(babel)                I will use the patterns loaded for \language=0 instead.

\l@italian = a dialect from \language0
Package babel Info: Making " an active character on input line 91.
)) (/usr/share/texmf-texlive/tex/latex/hyperref/hyperref.sty
Package: hyperref 2007/02/07 v6.75r Hypertext links for LaTeX
\@linkdim=\dimen115
\Hy@linkcounter=\count102
\Hy@pagecounter=\count103

(/usr/share/texmf-texlive/tex/latex/hyperref/pd1enc.def
File: pd1enc.def 2007/02/07 v6.75r Hyperref: PDFDocEncoding definition (HO)
)
(/etc/texmf/tex/latex/config/hyperref.cfg
File: hyperref.cfg 2002/06/06 v1.2 hyperref configuration of TeXLive
)
(/usr/share/texmf-texlive/tex/latex/oberdiek/kvoptions.sty
Package: kvoptions 2006/08/22 v2.4 Connects package keyval with LaTeX options (
HO)
)
Package hyperref Info: Option `colorlinks' set `true' on input line 2238.
Package hyperref Info: Hyper figures OFF on input line 2288.
Package hyperref Info: Link nesting OFF on input line 2293.
Package hyperref Info: Hyper index ON on input line 2296.
Package hyperref Info: Plain pages OFF on input line 2303.
Package hyperref Info: Backreferencing OFF on input line 2308.

Implicit mode ON; LaTeX internals redefined
Package hyperref Info: Bookmarks ON on input line 2444.
(/usr/share/texmf-texlive/tex/latex/ltxmisc/url.sty
\Urlmuskip=\muskip11
Package: url 2005/06/27  ver 3.2  Verb mode for urls, etc.
)
LaTeX Info: Redefining \url on input line 2599.
\Fld@menulength=\count104
\Field@Width=\dimen116
\Fld@charsize=\dimen117
\Choice@toks=\toks25
\Field@toks=\toks26
Package hyperref Info: Hyper figures OFF on input line 3102.
Package hyperref Info: Link nesting OFF on input line 3107.
Package hyperref Info: Hyper index ON on input line 3110.
Package hyperref Info: backreferencing OFF on input line 3117.
Package hyperref Info: Link coloring ON on input line 3120.
\Hy@abspage=\count105
\c@Item=\count106
\c@Hfootnote=\count107
)
*hyperref using default driver hpdftex*
(/usr/share/texmf-texlive/tex/latex/hyperref/hpdftex.def
File: hpdftex.def 2007/02/07 v6.75r Hyperref driver for pdfTeX
\Fld@listcount=\count108
)
(./manuale_installazione.aux)
\openout1 = `manuale_installazione.aux'.

LaTeX Font Info:    Checking defaults for OML/cmm/m/it on input line 96.
LaTeX Font Info:    ... okay on input line 96.
LaTeX Font Info:    Checking defaults for T1/cmr/m/n on input line 96.
LaTeX Font Info:    ... okay on input line 96.
LaTeX Font Info:    Checking defaults for OT1/cmr/m/n on input line 96.
LaTeX Font Info:    ... okay on input line 96.
LaTeX Font Info:    Checking defaults for OMS/cmsy/m/n on input line 96.
LaTeX Font Info:    ... okay on input line 96.
LaTeX Font Info:    Checking defaults for OMX/cmex/m/n on input line 96.
LaTeX Font Info:    ... okay on input line 96.
LaTeX Font Info:    Checking defaults for U/cmr/m/n on input line 96.
LaTeX Font Info:    ... okay on input line 96.
LaTeX Font Info:    Checking defaults for LGR/cmr/m/n on input line 96.
LaTeX Font Info:    Try loading font information for LGR+cmr on input line 96.

(/usr/share/texmf-texlive/tex/generic/babel/lgrcmr.fd
File: lgrcmr.fd 2001/01/30 v2.2e Greek Computer Modern
)
LaTeX Font Info:    ... okay on input line 96.
LaTeX Font Info:    Checking defaults for PD1/pdf/m/n on input line 96.
LaTeX Font Info:    ... okay on input line 96.

(/usr/share/texmf-texlive/tex/latex/ucs/ucsencs.def
File: ucsencs.def 2003/11/29 Fixes to fontencodings LGR, T3

fontencoding LGR patched
) (/usr/share/texmf-texlive/tex/latex/graphics/color.sty
Package: color 2005/11/14 v1.0j Standard LaTeX Color (DPC)

(/etc/texmf/tex/latex/config/color.cfg
File: color.cfg 2007/01/18 v1.5 color configuration of teTeX/TeXLive
)
Package color Info: Driver file: pdftex.def on input line 130.
)
Package hyperref Info: Link coloring ON on input line 96.

(/usr/share/texmf-texlive/tex/latex/hyperref/nameref.sty
Package: nameref 2006/12/27 v2.28 Cross-referencing by name of section

(/usr/share/texmf-texlive/tex/latex/oberdiek/refcount.sty
Package: refcount 2006/02/20 v3.0 Data extraction from references (HO)
)
\c@section@level=\count109
)
LaTeX Info: Redefining \ref on input line 96.
LaTeX Info: Redefining \pageref on input line 96.

(./manuale_installazione.out) (./manuale_installazione.out)
\@outlinefile=\write3
\openout3 = `manuale_installazione.out'.

LaTeX Font Info:    Try loading font information for U+msa on input line 97.

(/usr/share/texmf-texlive/tex/latex/amsfonts/umsa.fd
File: umsa.fd 2002/01/19 v2.2g AMS font definitions
)
LaTeX Font Info:    Try loading font information for U+msb on input line 97.

(/usr/share/texmf-texlive/tex/latex/amsfonts/umsb.fd
File: umsb.fd 2002/01/19 v2.2g AMS font definitions
)
<logo.png, id=95, 462.22687pt x 276.28218pt>
File: logo.png Graphic file (type png)
 <use logo.png> [1

{/var/lib/texmf/fonts/map/pdftex/updmap/pdftex.map} <./logo.png (PNG copy)>]
(./manuale_installazione.toc)
\tf@toc=\write4
\openout4 = `manuale_installazione.toc'.

File: logo.png Graphic file (type png)
 <use logo.png> [2]
(/usr/share/texmf-texlive/tex/latex/ucs/data/uni-0.def
File: uni-0.def 2004/10/17 UCS: Unicode data U+0000..U+00FF
)
LaTeX Font Info:    Try loading font information for OMS+cmr on input line 104.


(/usr/share/texmf-texlive/tex/latex/base/omscmr.fd
File: omscmr.fd 1999/05/25 v2.5h Standard LaTeX font definitions
)
LaTeX Font Info:    Font shape `OMS/cmr/m/n' in size <10.95> not available
(Font)              Font shape `OMS/cmsy/m/n' tried instead on input line 104.
pdfTeX warning (ext4): destination with the same identifier (name{page.1}) has 
been already used, duplicate ignored
<to be read again> 
                   \relax 
l.130 \newpage
              
File: logo.png Graphic file (type png)
 <use logo.png> [1]
Overfull \hbox (16.9542pt too wide) in paragraph at lines 161--164
\OT1/cmr/m/n/10.95 Eseguire il file in-stall.sh da ter-mi-nale per far par-tire
 l'in-stal-lazione del $[]$
 []

pdfTeX warning (ext4): destination with the same identifier (name{page.2}) has 
been already used, duplicate ignored
<to be read again> 
                   \relax 
l.164 
      
File: logo.png Graphic file (type png)
 <use logo.png> [2]
Overfull \hbox (8.08118pt too wide) in paragraph at lines 165--165
[]\OT1/cmr/bx/n/14.4 Installazione da pac-chet-to Sige-ol+Middleman.zip 
 []


Overfull \hbox (11.52582pt too wide) in paragraph at lines 176--177
[]\OT1/cmr/m/n/10.95 user-home-
 []

File: logo.png Graphic file (type png)
<use logo.png> [3]
Overfull \hbox (13.94301pt too wide) in paragraph at lines 207--208
[]\OT1/cmr/m/n/10.95 La dis-tribuzione v3 Pre-lude ^^Re in-stal-la-ta in una nu
o-va di-rec-to-ry glassfishv3-
 []

(/usr/share/texmf-texlive/tex/latex/ucs/data/uni-32.def
File: uni-32.def 2004/10/17 UCS: Unicode data U+2000..U+20FF
)
Overfull \hbox (9.89337pt too wide) in paragraph at lines 222--224
\OT1/cmr/m/n/10.95 riz-zo [][]$\OT1/cmtt/m/n/10.95 http : / / blogs . sun . com
 / arungupta / entry / screencast _ web _ 9 _ jruby _
 []


Overfull \hbox (4.90675pt too wide) in paragraph at lines 222--224
\OT1/cmtt/m/n/10.95 on$[][]\OT1/cmr/m/n/10.95 , in al-ter-na-ti-va vis-itare l'
ind-i-riz-zo [][]$\OT1/cmtt/m/n/10.95 http : / / wiki . updatecenter . java . n
et /
 []

File: logo.png Graphic file (type png)
<use logo.png> [4]
Overfull \hbox (35.29108pt too wide) in paragraph at lines 239--242
[]\OT1/cmtt/m/n/10.95 [as-install/bin/asadmin create-domain --adminport 4848 as
-domain
 []


Overfull \hbox (161.7622pt too wide) in paragraph at lines 243--246
[]\OT1/cmtt/m/n/10.95 [as-install/bin/asadmin deploy --path as-install/domains/
as-domain/applications/sigeol 
 []


Overfull \hbox (6.84651pt too wide) in paragraph at lines 248--249
[]\OT1/cmr/m/n/10.95 Per uti-liz-zare il $[]$ au-
 []

File: logo.png Graphic file (type png)
<use logo.png> [5]
Overfull \hbox (10.7575pt too wide) in paragraph at lines 265--269
[]\OT1/cmr/m/n/10.95 Modificare poi le seguen-ti righe nel file [][]$\OT1/cmtt/
m/n/10.95 sigeol / WEB-[]INF / classes / sigeol _
 []


Overfull \hbox (5.69736pt too wide) in paragraph at lines 265--269
[]\OT1/cmtt/m/n/10.95 org.quartz.dataSource.myDS.password = \OT1/cmr/m/n/10.95 
pass-word di ac-ces-so al database 
 []


Underfull \hbox (badness 10000) in paragraph at lines 265--269

 []


Overfull \hbox (31.31999pt too wide) in paragraph at lines 273--280
\OT1/cmr/m/n/10.95 nel file [][]$\OT1/cmtt/m/n/10.95 sigeol / WEB-[]INF / web .
 xml$[][]\OT1/cmr/m/n/10.95 : []\OT1/cmtt/m/n/10.95 <param-name>input-itc-path<
/param-name> 
 []


Overfull \hbox (35.29108pt too wide) in paragraph at lines 291--294
[]\OT1/cmtt/m/n/10.95 [as-install/bin/asadmin create-domain --adminport 4848 as
-domain
 []


Overfull \hbox (15.26292pt too wide) in paragraph at lines 291--294
\OT1/cmr/m/n/10.95 Es-trarre il pac-chet-to Sige-ol.zip e Mid-dle-man.zip in []
[]$\OT1/cmtt/m/n/10.95 as-[]install / domains /
 []


Overfull \hbox (161.7622pt too wide) in paragraph at lines 295--298
[]\OT1/cmtt/m/n/10.95 [as-install/bin/asadmin deploy --path as-install/domains/
as-domain/applications/sigeol 
 []

File: logo.png Graphic file (type png)
<use logo.png> [6]
Overfull \hbox (6.84651pt too wide) in paragraph at lines 300--301
[]\OT1/cmr/m/n/10.95 Per uti-liz-zare il $[]$ au-
 []


Overfull \hbox (14.38141pt too wide) in paragraph at lines 300--301
\OT1/cmr/m/n/10.95 to-mati-co, es-trarre il pac-chet-to Sige-ol.zip e Mid-dle-m
an.zip in [][]$\OT1/cmtt/m/n/10.95 as-[]install /
 []


Package hyperref Warning: Token not allowed in a PDFDocEncoded string,
(hyperref)                removing `math shift' on input line 305.


Package hyperref Warning: Token not allowed in a PDFDocEncoded string,
(hyperref)                removing `\@@underline' on input line 305.


Package hyperref Warning: Token not allowed in a PDFDocEncoded string,
(hyperref)                removing `\hbox' on input line 305.


Package hyperref Warning: Token not allowed in a PDFDocEncoded string,
(hyperref)                removing `\mathsurround' on input line 305.


Package hyperref Warning: Token not allowed in a PDFDocEncoded string,
(hyperref)                removing `\z@' on input line 305.


Package hyperref Warning: Token not allowed in a PDFDocEncoded string,
(hyperref)                removing `math shift' on input line 305.


Package hyperref Warning: Token not allowed in a PDFDocEncoded string,
(hyperref)                removing `math shift' on input line 317.


Package hyperref Warning: Token not allowed in a PDFDocEncoded string,
(hyperref)                removing `\@@underline' on input line 317.


Package hyperref Warning: Token not allowed in a PDFDocEncoded string,
(hyperref)                removing `\hbox' on input line 317.


Package hyperref Warning: Token not allowed in a PDFDocEncoded string,
(hyperref)                removing `\mathsurround' on input line 317.


Package hyperref Warning: Token not allowed in a PDFDocEncoded string,
(hyperref)                removing `\z@' on input line 317.


Package hyperref Warning: Token not allowed in a PDFDocEncoded string,
(hyperref)                removing `math shift' on input line 317.


Overfull \hbox (10.7575pt too wide) in paragraph at lines 321--325
[]\OT1/cmr/m/n/10.95 Modificare poi le seguen-ti righe nel file [][]$\OT1/cmtt/
m/n/10.95 sigeol / WEB-[]INF / classes / sigeol _
 []


Overfull \hbox (5.69736pt too wide) in paragraph at lines 321--325
[]\OT1/cmtt/m/n/10.95 org.quartz.dataSource.myDS.password = \OT1/cmr/m/n/10.95 
pass-word di ac-ces-so al database 
 []


Underfull \hbox (badness 10000) in paragraph at lines 321--325

 []

File: logo.png Graphic file (type png)
<use logo.png> [7]
Overfull \hbox (138.46356pt too wide) in paragraph at lines 336--339
[]\OT1/cmr/m/n/10.95 Inoltre mod-i-fi-care l'url che in-d-i-riz-za al-l'ap-pli-
cazione Sige-ol: []\OT1/cmtt/m/n/10.95 <param-name>url-client</param-name> 
 []


Underfull \hbox (badness 10000) in paragraph at lines 336--339

 []

File: logo.png Graphic file (type png)
<use logo.png> [8]
File: logo.png Graphic file (type png)
 <use logo.png> [9]
Overfull \hbox (3.00969pt too wide) in paragraph at lines 403--403
 [][] 
 []

AED: lastpage setting LastPage
File: logo.png Graphic file (type png)
 <use logo.png> [10] (./manuale_installazione.aux) ) 
Here is how much of TeX's memory you used:
 5336 strings out of 95086
 72563 string characters out of 1183255
 128552 words of memory out of 1500000
 8387 multiletter control sequences out of 10000+50000
 13123 words of font info for 49 fonts, out of 1200000 for 2000
 28 hyphenation exceptions out of 8191
 27i,17n,45p,488b,480s stack positions out of 5000i,500n,6000p,200000b,5000s
</usr/share/texmf-texlive/f
onts/type1/bluesky/cm/cmbx10.pfb></usr/share/texmf-texlive/fonts/type1/bluesky/
cm/cmbx12.pfb></usr/share/texmf-texlive/fonts/type1/bluesky/cm/cmcsc10.pfb></us
r/share/texmf-texlive/fonts/type1/bluesky/cm/cmr10.pfb></usr/share/texmf-texliv
e/fonts/type1/bluesky/cm/cmr12.pfb></usr/share/texmf-texlive/fonts/type1/bluesk
y/cm/cmr17.pfb></usr/share/texmf-texlive/fonts/type1/bluesky/cm/cmsy10.pfb></us
r/share/texmf-texlive/fonts/type1/bluesky/cm/cmti10.pfb></usr/share/texmf-texli
ve/fonts/type1/bluesky/cm/cmti12.pfb></usr/share/texmf-texlive/fonts/type1/blue
sky/cm/cmtt10.pfb>
Output written on manuale_installazione.pdf (12 pages, 300392 bytes).
PDF statistics:
 280 PDF objects out of 1000 (max. 8388607)
 45 named destinations out of 1000 (max. 131072)
 198 words of extra memory for PDF output out of 10000 (max. 10000000)

