\BOOKMARK [1][-]{section.1}{Premessa}{}
\BOOKMARK [1][-]{section.2}{Introduzione}{}
\BOOKMARK [2][-]{subsection.2.1}{Come leggere il manuale}{section.2}
\BOOKMARK [2][-]{subsection.2.2}{Come riportare problemi e malfunzionamenti}{section.2}
\BOOKMARK [1][-]{section.3}{Requisiti richiesti}{}
\BOOKMARK [1][-]{section.4}{Installazione da pacchetto Glassfish\137Sigeol.zip}{}
\BOOKMARK [1][-]{section.5}{Installazione da pacchetto Sigeol+Middleman.zip}{}
\BOOKMARK [2][-]{subsection.5.1}{Installazione veloce di Glassfish v3}{section.5}
\BOOKMARK [2][-]{subsection.5.2}{Installazione di JRuby}{section.5}
\BOOKMARK [1][-]{section.6}{Configurazione dell'applicazione Sigeol}{}
\BOOKMARK [2][-]{subsection.6.1}{Modalita default}{section.6}
\BOOKMARK [3][-]{subsubsection.6.1.1}{Installare l'applicazione Sigeol}{subsection.6.1}
\BOOKMARK [3][-]{subsubsection.6.1.2}{Configurazione database}{subsection.6.1}
\BOOKMARK [3][-]{subsubsection.6.1.3}{Configurazione modulo MiddleMan}{subsection.6.1}
\BOOKMARK [2][-]{subsection.6.2}{Modalit\340 distribuita}{section.6}
\BOOKMARK [3][-]{subsubsection.6.2.1}{Installare l'applicazione Sigeol e Middleman}{subsection.6.2}
\BOOKMARK [3][-]{subsubsection.6.2.2}{Configurazione database server Sigeol}{subsection.6.2}
\BOOKMARK [3][-]{subsubsection.6.2.3}{Configurazione database server MiddleMan}{subsection.6.2}
\BOOKMARK [3][-]{subsubsection.6.2.4}{Configurazione modulo MiddleMan}{subsection.6.2}
\BOOKMARK [2][-]{subsection.6.3}{Verifica installazione}{section.6}
\BOOKMARK [1][-]{section.7}{Appendice}{}
\BOOKMARK [2][-]{subsection.7.1}{Glossario}{section.7}
